make --dry-run --keep-going --print-directory
make: Entering directory `/Users/lkrabbe/uruk/my_fdf'
/Applications/Xcode.app/Contents/Developer/usr/bin/make -C src/matrix
 
make[1]: Entering directory `/Users/lkrabbe/uruk/my_fdf/src/matrix'
cc -Werror -Wextra -Wall   -c -o matrix_getter.o matrix_getter.c
 
cc -Werror -Wextra -Wall   -c -o matrix_setter.o matrix_setter.c
cc -Werror -Wextra -Wall   -c -o matrix_utils.o matrix_utils.c
cc -Werror -Wextra -Wall   -c -o matrix_setup.o matrix_setup.c
cc -Werror -Wextra -Wall   -c -o matrix_solver.o matrix_solver.c
ar -rs libmatrix.a matrix_getter.o matrix_setter.o matrix_utils.o matrix_setup.o matrix_solver.o
make clean
make[1]: Leaving directory `/Users/lkrabbe/uruk/my_fdf/src/matrix'
mv src/matrix/libmatrix.a ./lib
/Applications/Xcode.app/Contents/Developer/usr/bin/make -C libft/
 
make[1]: Entering directory `/Users/lkrabbe/uruk/my_fdf/libft'
cc -g -c allocation/ft_bzero.c -o ft_bzero.o
 
cc -g -c allocation/ft_calloc.c -o ft_calloc.o
cc -g -c checker/ft_isalnum.c -o ft_isalnum.o
cc -g -c checker/ft_isalpha.c -o ft_isalpha.o
cc -g -c checker/ft_isascii.c -o ft_isascii.o
cc -g -c checker/ft_isdigit.c -o ft_isdigit.o
cc -g -c checker/ft_isprint.c -o ft_isprint.o
cc -g -c checker/ft_memchr.c -o ft_memchr.o
cc -g -c checker/ft_memcmp.c -o ft_memcmp.o
cc -g -c checker/ft_strchr.c -o ft_strchr.o
cc -g -c checker/ft_strncmp.c -o ft_strncmp.o
cc -g -c checker/ft_strnstr.c -o ft_strnstr.o
cc -g -c checker/ft_strrchr.c -o ft_strrchr.o
cc -g -c print/calc_length.c -o calc_length.o
cc -g -c print/create_output.c -o create_output.o
cc -g -c print/fill_struct.c -o fill_struct.o
cc -g -c print/ft_printf.c -o ft_printf.o
cc -g -c print/ft_putchar_fd.c -o ft_putchar_fd.o
cc -g -c print/ft_putendl_fd.c -o ft_putendl_fd.o
cc -g -c print/ft_putnbr_fd.c -o ft_putnbr_fd.o
cc -g -c print/ft_putstr_fd.c -o ft_putstr_fd.o
cc -g -c print/printf_convert.c -o printf_convert.o
cc -g -c print/typesettera.c -o typesettera.o
cc -g -c print/typesetterb.c -o typesetterb.o
cc -g -c list/ft_lstadd_back.c -o ft_lstadd_back.o
cc -g -c list/ft_lstadd_front.c -o ft_lstadd_front.o
cc -g -c list/ft_lstclear.c -o ft_lstclear.o
cc -g -c list/ft_lstdelone.c -o ft_lstdelone.o
cc -g -c list/ft_lstiter.c -o ft_lstiter.o
cc -g -c list/ft_lstlast.c -o ft_lstlast.o
 
cc -g -c list/ft_lstmap.c -o ft_lstmap.o
cc -g -c list/ft_lstnew.c -o ft_lstnew.o
cc -g -c list/ft_lstsize.c -o ft_lstsize.o
cc -g -c parsing/ft_atoi.c -o ft_atoi.o
cc -g -c parsing/ft_itoa.c -o ft_itoa.o
cc -g -c parsing/ft_strlen.c -o ft_strlen.o
cc -g -c parsing/get_next_line.c -o get_next_line.o
cc -g -c string/ft_memcpy.c -o ft_memcpy.o
cc -g -c string/ft_memmove.c -o ft_memmove.o
cc -g -c string/ft_memset.c -o ft_memset.o
cc -g -c string/ft_split.c -o ft_split.o
cc -g -c string/ft_strdup.c -o ft_strdup.o
cc -g -c string/ft_striteri.c -o ft_striteri.o
cc -g -c string/ft_strjoin.c -o ft_strjoin.o
cc -g -c string/ft_strlcat.c -o ft_strlcat.o
cc -g -c string/ft_strlcpy.c -o ft_strlcpy.o
cc -g -c string/ft_strmapi.c -o ft_strmapi.o
cc -g -c string/ft_strtrim.c -o ft_strtrim.o
cc -g -c string/ft_substr.c -o ft_substr.o
cc -g -c string/ft_tolower.c -o ft_tolower.o
cc -g -c string/ft_toupper.c -o ft_toupper.o
ar -rs libft.a ft_bzero.o ft_calloc.o ft_isalnum.o ft_isalpha.o ft_isascii.o ft_isdigit.o ft_isprint.o ft_memchr.o ft_memcmp.o ft_strchr.o ft_strncmp.o ft_strnstr.o ft_strrchr.o calc_length.o create_output.o fill_struct.o ft_printf.o ft_putchar_fd.o ft_putendl_fd.o ft_putnbr_fd.o ft_putstr_fd.o printf_convert.o typesettera.o typesetterb.o ft_lstadd_back.o ft_lstadd_front.o ft_lstclear.o ft_lstdelone.o ft_lstiter.o ft_lstlast.o ft_lstmap.o ft_lstnew.o ft_lstsize.o ft_atoi.o ft_itoa.o ft_strlen.o get_next_line.o ft_memcpy.o ft_memmove.o ft_memset.o ft_split.o ft_strdup.o ft_striteri.o ft_strjoin.o ft_strlcat.o ft_strlcpy.o ft_strmapi.o ft_strtrim.o ft_substr.o ft_tolower.o ft_toupper.o
make clean
make[1]: Leaving directory `/Users/lkrabbe/uruk/my_fdf/libft'
mv libft//libft.a ./lib
cc -g -c -Werror -Wextra -Wall src/convertmap.c -o convertmap.o 
cc -g -c -Werror -Wextra -Wall src/tmp_main.c -o tmp_main.o 
cc -g -c -Werror -Wextra -Wall src/utiles.c -o utiles.o 
cc -g -c -Werror -Wextra -Wall src/libft_plus/count_stuff.c -o count_stuff.o 
cc -g -o fdf.a -Werror -Wextra -Wall convertmap.o tmp_main.o utiles.o count_stuff.o -Llib -lft -Llib -lmatrix # libmlx.dylib -framework OpenGL -framework AppKit
./fdf.a
make: Leaving directory `/Users/lkrabbe/uruk/my_fdf'
 
