make all --print-data-base --no-builtin-variables --no-builtin-rules --question
# GNU Make 3.81
# Copyright (C) 2006  Free Software Foundation, Inc.
# This is free software; see the source for copying conditions.
# There is NO warranty; not even for MERCHANTABILITY or FITNESS FOR A
# PARTICULAR PURPOSE.

# This program built for i386-apple-darwin11.3.0

# Make data base, printed on Wed Sep  7 06:01:38 2022

# Variables

# automatic
<D = $(patsubst %/,%,$(dir $<))
# automatic
?F = $(notdir $?)
# makefile (from `Makefile', line 50)
OBJ = $(SRC:.c=.o) $(F_LIBFT_PLUS:.c=.o)
# makefile (from `Makefile', line 21)
SRC = convertmap.c tmp_main.c utiles.c draw_line.c input_stuff.c
# environment
VSCODE_LOG_NATIVE = false
# automatic
?D = $(patsubst %/,%,$(dir $?))
# automatic
@D = $(patsubst %/,%,$(dir $@))
# automatic
@F = $(notdir $@)
# makefile
CURDIR := /Users/larskrabbe/c_stuff/new_fdf
# makefile
SHELL = /bin/sh
# environment
VSCODE_NLS_CONFIG = {"locale":"en-us","availableLanguages":{},"_languagePackSupport":true}
# makefile (from `Makefile', line 36)
F_MLX = MLX42
# environment
_ = /usr/bin/make
# makefile (from `Makefile', line 30)
MATRIX_LIB = libmatrix.a
# makefile (from `Makefile', line 19)
CFLAGS = 
# makefile (from `Makefile', line 1)
MAKEFILE_LIST :=  Makefile
# environment
VSCODE_VERBOSE_LOGGING = true
# environment
__CFBundleIdentifier = com.microsoft.VSCode
# environment
VSCODE_IPC_HOOK_EXTHOST = /var/folders/xh/w0prvyz17hlg4v8psphkxp9h0000gn/T/vscode-ipc-49e16b4b-9bc7-47b8-b854-0020d902b3c4.sock
# environment
VSCODE_CWD = /
# environment
PATH = /usr/local/bin:/usr/bin:/bin:/usr/sbin:/sbin:/Library/Apple/usr/bin
# makefile (from `Makefile', line 15)
VPATH = src src/libft_plus
# environment
VSCODE_LOG_STACK = false
# environment
ELECTRON_RUN_AS_NODE = 1
# makefile (from `Makefile', line 34)
MLX_LIB = libmlx42.a
# makefile (from `Makefile', line 46)
LIBFT_FLAGS = -Llib -lft
# default
.FEATURES := target-specific order-only second-expansion else-if archives jobserver check-symlink
# environment
SSH_AUTH_SOCK = /private/tmp/com.apple.launchd.eOfdsUmDFv/Listeners
# automatic
%F = $(notdir $%)
# environment
VSCODE_PIPE_LOGGING = true
# environment
PWD = /Users/larskrabbe/c_stuff/new_fdf
# environment
ORIGINAL_XDG_CURRENT_DESKTOP = undefined
# environment
VSCODE_AMD_ENTRYPOINT = vs/workbench/api/node/extensionHostProcess
# environment
HOME = /Users/larskrabbe
# default
MAKEFILEPATH := /Applications/Xcode.app/Contents/Developer/Makefiles
# environment
VSCODE_CODE_CACHE_PATH = /Users/larskrabbe/Library/Application Support/Code/CachedData/30d9c6cd9483b2cc586687151bcbcd635f373630
# environment
LOGNAME = larskrabbe
# environment
APPLICATION_INSIGHTS_NO_DIAGNOSTIC_CHANNEL = 1
# environment
VSCODE_HANDLES_UNCAUGHT_ERRORS = true
# automatic
^D = $(patsubst %/,%,$(dir $^))
# environment
XPC_FLAGS = 0x0
# default
MAKE = $(MAKE_COMMAND)
# default
MAKECMDGOALS := all
# environment
SHLVL = 1
# makefile (from `Makefile', line 40)
F_LIBFT = libft/
# makefile (from `Makefile', line 17)
CC = cc -g
# makefile (from `Makefile', line 48)
MATRIX_FLAGS = -Llib -lmatrix
# default
MAKE_VERSION := 3.81
# environment
USER = larskrabbe
# makefile
.DEFAULT_GOAL := all
# makefile (from `Makefile', line 13)
NAME = fdf.a
# automatic
%D = $(patsubst %/,%,$(dir $%))
# default
MAKE_COMMAND := /Applications/Xcode.app/Contents/Developer/usr/bin/make
# default
.VARIABLES := 
# environment
TMPDIR = /var/folders/xh/w0prvyz17hlg4v8psphkxp9h0000gn/T/
# automatic
*F = $(notdir $*)
# environment
VSCODE_IPC_HOOK = /Users/larskrabbe/Library/Application Support/Code/1.68.1-main.sock
# makefile
MAKEFLAGS = Rrqp
# makefile (from `Makefile', line 27)
F_LIBFT_PLUS = count_stuff.c is_white_space.c
# environment
MFLAGS = -Rrqp
# automatic
*D = $(patsubst %/,%,$(dir $*))
# environment
XPC_SERVICE_NAME = application.com.microsoft.VSCode.12885072091.12885072097
# automatic
+D = $(patsubst %/,%,$(dir $+))
# automatic
+F = $(notdir $+)
# environment
__CF_USER_TEXT_ENCODING = 0x1F5:0x0:0x0
# environment
COMMAND_MODE = unix2003
# default
MAKEFILES := 
# automatic
<F = $(notdir $<)
# makefile (from `Makefile', line 38)
F_MATRIX = src/matrix
# makefile (from `Makefile', line 44)
MLX_FLAGS = -lglfw3 -Llib -lMLX42 -framework Cocoa -framework OpenGL -framework IOKit
# environment
LC_ALL = C
# automatic
^F = $(notdir $^)
# default
SUFFIXES := 
# makefile (from `Makefile', line 42)
F_MAPS = test_maps/
# default
.INCLUDE_DIRS = /usr/local/include
# environment
MAKELEVEL := 0
# environment
LANG = C
# environment
VSCODE_PID = 74008
# makefile (from `Makefile', line 32)
LIBFT_LIB = libft.a
# variable set hash-table stats:
# Load=79/1024=8%, Rehash=0, Collisions=5/119=4%

# Pattern-specific Variable Values

# No pattern-specific variable values.

# Directories

# . (device 16777220, inode 12887034822): 23 files, no impossibilities.
# src (device 16777220, inode 12887035302): 4 files, no impossibilities so far.
# src/libft_plus (device 16777220, inode 12887035304): No files, no impossibilities so far.

# 27 files, no impossibilities in 3 directories.

# Implicit Rules

%.o: %.c lib
#  commands to execute (from `Makefile', line 67):
	$(CC) -c $(CFLAGS) $< -o $@ 
	

# 1 implicit rules, 0 (0.0%) terminal.

# Files

libmatrix.a:
#  Implicit rule search has not been done.
#  Modification time never checked.
#  File has not been updated.
#  commands to execute (from `Makefile', line 79):
	$(MAKE) -C $(F_MATRIX)
	mv $(F_MATRIX)/$(MATRIX_LIB) ./lib
	

fdf.a: convertmap.o tmp_main.o utiles.o draw_line.o input_stuff.o count_stuff.o is_white_space.o
#  Implicit rule search has not been done.
#  Last modified 2022-09-07 06:01:02
#  File has been updated.
#  Needs to be updated (-q is set).
# variable set hash-table stats:
# Load=0/32=0%, Rehash=0, Collisions=0/4=0%
#  commands to execute (from `Makefile', line 70):
	$(CC) $(CFLAGS) $(OBJ) $(LIBFT_FLAGS) $(MATRIX_FLAGS) $(MLX_FLAGS) -o $(NAME)
	

# Not a target:
utiles.o:
#  Implicit rule search has not been done.
#  Modification time never checked.
#  File has not been updated.

all: fdf.a
#  Phony target (prerequisite of .PHONY).
#  Command-line target.
#  Implicit rule search has not been done.
#  File does not exist.
#  File has been updated.
#  Needs to be updated (-q is set).
# variable set hash-table stats:
# Load=0/32=0%, Rehash=0, Collisions=0/4=0%

.PHONY: all re clean fclean lib
#  Implicit rule search has not been done.
#  Modification time never checked.
#  File has not been updated.

# Not a target:
count_stuff.o:
#  Implicit rule search has not been done.
#  Modification time never checked.
#  File has not been updated.

convertmap.o: src/convertmap.c lib
#  Implicit rule search has been done.
#  Implicit/static pattern stem: `convertmap'
#  Last modified 2022-09-07 06:00:58
#  File has been updated.
#  Needs to be updated (-q is set).
# automatic
# @ := convertmap.o
# automatic
# % := 
# automatic
# * := convertmap
# automatic
# + := src/convertmap.c lib
# automatic
# | := 
# automatic
# < := src/convertmap.c
# automatic
# ^ := src/convertmap.c lib
# automatic
# ? := 
# variable set hash-table stats:
# Load=8/32=25%, Rehash=0, Collisions=1/14=7%
#  commands to execute (from `Makefile', line 67):
	$(CC) -c $(CFLAGS) $< -o $@ 
	

# Not a target:
src/convertmap.c:
#  Implicit rule search has been done.
#  Last modified 2022-09-07 01:06:01
#  File has been updated.
#  Successfully updated.
# variable set hash-table stats:
# Load=0/32=0%, Rehash=0, Collisions=0/0=0%

42: fdf.a
#  Implicit rule search has not been done.
#  Modification time never checked.
#  File has not been updated.
#  commands to execute (from `Makefile', line 55):
	./$(NAME) $(F_MAPS)42.fdf
	

# Not a target:
.SUFFIXES:
#  Implicit rule search has not been done.
#  Modification time never checked.
#  File has not been updated.

# Not a target:
Makefile:
#  Implicit rule search has been done.
#  Last modified 2022-09-07 06:01:34
#  File has been updated.
#  Successfully updated.
# variable set hash-table stats:
# Load=0/32=0%, Rehash=0, Collisions=0/0=0%

# Not a target:
draw_line.o:
#  Implicit rule search has not been done.
#  Modification time never checked.
#  File has not been updated.

libft.a:
#  Implicit rule search has not been done.
 
#  Modification time never checked.
#  File has not been updated.
#  commands to execute (from `Makefile', line 83):
	$(MAKE) -C $(F_LIBFT)
	mv $(F_LIBFT)/$(LIBFT_LIB) ./lib
	

pent: fdf.a
#  Implicit rule search has not been done.
#  Modification time never checked.
#  File has not been updated.
#  commands to execute (from `Makefile', line 61):
	./$(NAME) $(F_MAPS)pentenegpos.fdf
	

# Not a target:
input_stuff.o:
#  Implicit rule search has not been done.
#  Modification time never checked.
#  File has not been updated.

fclean:
#  Phony target (prerequisite of .PHONY).
#  Implicit rule search has not been done.
#  File does not exist.
#  File has not been updated.
#  commands to execute (from `Makefile', line 93):
	$(MAKE) clean -C $(F_MLX)
	$(MAKE) clean -C $(F_MATRIX)
	$(MAKE) clean -C $(F_LIBFT)
	rm -f lib/* 
	

lib:
#  Phony target (prerequisite of .PHONY).
#  Implicit rule search has not been done.
#  File does not exist.
#  File has been updated.
#  Successfully updated.

# Not a target:
.DEFAULT:
#  Implicit rule search has not been done.
#  Modification time never checked.
#  File has not been updated.

julia: fdf.a
#  Implicit rule search has not been done.
#  Modification time never checked.
#  File has not been updated.
#  commands to execute (from `Makefile', line 58):
	./$(NAME) $(F_MAPS)julia.fdf
	

re:
#  Phony target (prerequisite of .PHONY).
#  Implicit rule search has not been done.
#  File does not exist.
#  File has not been updated.

libmlx42.a:
#  Implicit rule search has not been done.
#  Modification time never checked.
#  File has not been updated.
#  commands to execute (from `Makefile', line 75):
	$(MAKE) all -C $(F_MLX)
	mv $(F_MLX)/$(MLX_LIB) ./lib
	

clean:
#  Phony target (prerequisite of .PHONY).
#  Implicit rule search has not been done.
#  File does not exist.
#  File has not been updated.
#  commands to execute (from `Makefile', line 89):
	rm -f OBJ
	

# Not a target:
is_white_space.o:
#  Implicit rule search has not been done.
#  Modification time never checked.
#  File has not been updated.

plat: fdf.a
#  Implicit rule search has not been done.
#  Modification time never checked.
#  File has not been updated.
#  commands to execute (from `Makefile', line 64):
	./$(NAME) $(F_MAPS)plat.fdf
	

# Not a target:
tmp_main.o:
#  Implicit rule search has not been done.
#  Modification time never checked.
#  File has not been updated.

# files hash-table stats:
# Load=25/1024=2%, Rehash=0, Collisions=0/66=0%
# VPATH Search Paths

# No `vpath' search paths.

# General (`VPATH' variable) search path:
# src:src/libft_plus

# # of strings in strcache: 1
# # of strcache buffers: 1
# strcache size: total = 4096 / max = 4096 / min = 4096 / avg = 4096
# strcache free: total = 4087 / max = 4087 / min = 4087 / avg = 4087

# Finished Make data base on Wed Sep  7 06:01:38 2022

 
